c:\users\ryanshomepc\desktop\c++ projects\ryansengine\gameengine\projectfiles\firstgame\x64\debug\tmp\vc140.pdb
c:\users\ryanshomepc\desktop\c++ projects\ryansengine\gameengine\projectfiles\firstgame\x64\debug\tmp\vc140.idb
c:\users\ryan\desktop\c++ projects\ryansengine\gameengine\projectfiles\firstgame\x64\debug\tmp\vc140.pdb
c:\users\ryan\desktop\c++ projects\ryansengine\gameengine\projectfiles\firstgame\x64\debug\tmp\vc140.idb
c:\users\ryan\desktop\c++ projects\ryansengine\gameengine\projectfiles\firstgame\x64\debug\tmp\maingamefile.obj
c:\users\ryan\desktop\c++ projects\ryansengine\gameengine\projectfiles\firstgame\x64\debug\tmp\myopenglwindow.obj
c:\users\ryan\desktop\c++ projects\ryansengine\gameengine\projectfiles\firstgame\x64\debug\tmp\myopenglwindow_moc.obj
c:\users\ryanshomepc\desktop\c++ projects\ryansengine\gameengine\projectfiles\firstgame\x64\debug\firstgame.lib
c:\users\ryanshomepc\desktop\c++ projects\ryansengine\gameengine\projectfiles\firstgame\x64\debug\firstgame.exp
c:\users\ryan\desktop\c++ projects\ryansengine\gameengine\projectfiles\firstgame\x64\debug\firstgame.lib
c:\users\ryan\desktop\c++ projects\ryansengine\gameengine\projectfiles\firstgame\x64\debug\firstgame.exp
c:\users\ryanshomepc\desktop\c++ projects\ryansengine\gameengine\projectfiles\firstgame\x64\debug\firstgame.ilk
c:\users\ryanshomepc\desktop\c++ projects\ryansengine\gameengine\projectfiles\firstgame\x64\debug\firstgame.exe
c:\users\ryanshomepc\desktop\c++ projects\ryansengine\gameengine\projectfiles\firstgame\x64\debug\firstgame.pdb
c:\users\ryan\desktop\c++ projects\ryansengine\gameengine\projectfiles\firstgame\x64\debug\firstgame.ilk
c:\users\ryan\desktop\c++ projects\ryansengine\gameengine\projectfiles\firstgame\x64\debug\firstgame.exe
c:\users\ryan\desktop\c++ projects\ryansengine\gameengine\projectfiles\firstgame\x64\debug\firstgame.pdb
c:\users\ryan\desktop\c++ projects\ryansengine\gameengine\projectfiles\firstgame\x64\debug\tmp\firstgame.tlog\cl.command.1.tlog
c:\users\ryan\desktop\c++ projects\ryansengine\gameengine\projectfiles\firstgame\x64\debug\tmp\firstgame.tlog\cl.read.1.tlog
c:\users\ryan\desktop\c++ projects\ryansengine\gameengine\projectfiles\firstgame\x64\debug\tmp\firstgame.tlog\cl.write.1.tlog
c:\users\ryan\desktop\c++ projects\ryansengine\gameengine\projectfiles\firstgame\x64\debug\tmp\firstgame.tlog\firstgame.write.1u.tlog
c:\users\ryan\desktop\c++ projects\ryansengine\gameengine\projectfiles\firstgame\x64\debug\tmp\firstgame.tlog\link.command.1.tlog
c:\users\ryan\desktop\c++ projects\ryansengine\gameengine\projectfiles\firstgame\x64\debug\tmp\firstgame.tlog\link.read.1.tlog
c:\users\ryan\desktop\c++ projects\ryansengine\gameengine\projectfiles\firstgame\x64\debug\tmp\firstgame.tlog\link.write.1.tlog
